/*C2*/SET SCHEMA PUBLIC
CONNECT USER SA
drop table contas
\u000acreate table contas(\u000aidconta integer not null,\u000adescricao varchar,\u000avalor double,\u000adata_vencimento date,\u000adata_pagamento date\u000a)
drop table usuario
alter table contas \u000aadd primary key (idconta)
/*C3*/SET SCHEMA PUBLIC
CONNECT USER SA
DISCONNECT
/*C4*/SET SCHEMA PUBLIC
CONNECT USER SA
DISCONNECT
/*C5*/SET SCHEMA PUBLIC
CONNECT USER SA
DISCONNECT
/*C6*/SET SCHEMA PUBLIC
CONNECT USER SA
/*C7*/SET SCHEMA PUBLIC
CONNECT USER SA
/*C8*/SET SCHEMA PUBLIC
CONNECT USER SA
/*C9*/SET SCHEMA PUBLIC
CONNECT USER SA
/*C10*/SET SCHEMA PUBLIC
CONNECT USER SA
DISCONNECT
/*C7*/DISCONNECT
/*C8*/DISCONNECT
/*C9*/DISCONNECT
/*C6*/DISCONNECT
/*C11*/SET SCHEMA PUBLIC
CONNECT USER SA
INSERT INTO CONTAS VALUES(1,'21',33.0E0,NULL,NULL)
/*C12*/SET SCHEMA PUBLIC
CONNECT USER SA
/*C13*/SET SCHEMA PUBLIC
CONNECT USER SA
INSERT INTO CONTAS VALUES(12,'sdffds',2.0E0,'0031-05-09',NULL)
